<?xml version="1.0" encoding="UTF-8"?>
<!-- Generated by org.testng.reporters.JUnitReportReporter -->
<testsuite hostname="BALAJI" failures="0" tests="1" name="Imp_prog.Ex2_FailedTestCase_ScreenShot" time="24.581" errors="0" timestamp="2022-02-27T16:48:06 IST" skipped="0">
  <testcase classname="Imp_prog.Ex2_FailedTestCase_ScreenShot" name="captureScreenShot" time="24.581"/>
  <system-out/>
</testsuite> <!-- Imp_prog.Ex2_FailedTestCase_ScreenShot -->
