<?xml version="1.0" encoding="UTF-8"?>
<!-- Generated by org.testng.reporters.JUnitReportReporter -->
<testsuite hostname="BALAJI" failures="0" tests="1" name="Imp_prog.scroll_till_the_bottom" time="55.503" errors="0" timestamp="2021-12-31T15:06:41 IST" skipped="0">
  <testcase classname="Imp_prog.scroll_till_the_bottom" name="scrollDown" time="55.503"/>
  <system-out/>
</testsuite> <!-- Imp_prog.scroll_till_the_bottom -->
