<?xml version="1.0" encoding="UTF-8"?>
<!-- Generated by org.testng.reporters.JUnitReportReporter -->
<testsuite hostname="BALAJI" failures="0" tests="1" name="Imp_prog.Right_Click" time="95.960" errors="0" timestamp="2021-12-23T23:08:30 IST" skipped="0">
  <testcase classname="Imp_prog.Right_Click" name="rightclick" time="95.960"/>
  <system-out/>
</testsuite> <!-- Imp_prog.Right_Click -->
