<?xml version="1.0" encoding="UTF-8"?>
<!-- Generated by org.testng.reporters.JUnitReportReporter -->
<testsuite hostname="BALAJI" failures="0" tests="1" name="Imp_prog.ScrollByPixel" time="96.870" errors="0" timestamp="2021-12-31T13:24:07 IST" skipped="0">
  <testcase classname="Imp_prog.ScrollByPixel" name="ByPixel" time="96.870"/>
  <system-out/>
</testsuite> <!-- Imp_prog.ScrollByPixel -->
