<?xml version="1.0" encoding="UTF-8"?>
<!-- Generated by org.testng.reporters.JUnitReportReporter -->
<testsuite hostname="BALAJI" failures="0" tests="1" name="Imp_prog.ScrollDown_the_web_page_by_the_visibility_element" time="79.742" errors="0" timestamp="2021-12-31T14:29:50 IST" skipped="0">
  <testcase classname="Imp_prog.ScrollDown_the_web_page_by_the_visibility_element" name="ByPixel" time="79.742"/>
  <system-out/>
</testsuite> <!-- Imp_prog.ScrollDown_the_web_page_by_the_visibility_element -->
