<?xml version="1.0" encoding="UTF-8"?>
<!-- Generated by org.testng.reporters.JUnitReportReporter -->
<testsuite hostname="BALAJI" failures="0" tests="1" name="Imp_prog.All_link" time="31.578" errors="0" timestamp="2022-04-14T16:33:44 IST" skipped="0">
  <testcase classname="Imp_prog.All_link" name="print_all_link" time="31.578"/>
  <system-out/>
</testsuite> <!-- Imp_prog.All_link -->
