<?xml version="1.0" encoding="UTF-8"?>
<!-- Generated by org.testng.reporters.JUnitReportReporter -->
<testsuite hostname="BALAJI" failures="0" tests="1" name="Imp_prog.Failed_TestCase_ScreenShot" time="34.177" errors="0" timestamp="2021-12-24T23:11:22 IST" skipped="0">
  <testcase classname="Imp_prog.Failed_TestCase_ScreenShot" name="captureScreenShot" time="34.177"/>
  <system-out/>
</testsuite> <!-- Imp_prog.Failed_TestCase_ScreenShot -->
